<?xml version="1.0" encoding="UTF-8"?>
<!-- Generated by org.testng.reporters.JUnitReportReporter -->
<testsuite hostname="DESKTOP-G7JNF0B" failures="0" tests="1" name="Test.Testpgrm" time="190.977" errors="0" timestamp="2023-07-07T10:18:30 IST" skipped="0">
  <testcase classname="Test.Testpgrm" name="testing" time="190.977"/>
  <system-out/>
</testsuite> <!-- Test.Testpgrm -->
